SF:lib\model\billing.dart
DA:5,5
DA:20,2
DA:21,2
DA:22,4
DA:23,4
DA:24,4
DA:25,2
DA:26,4
DA:37,1
DA:38,3
DA:69,12
DA:70,4
DA:92,4
DA:103,4
DA:104,8
DA:106,4
DA:115,3
DA:116,3
DA:139,3
DA:140,3
DA:150,1
DA:151,1
DA:152,5
DA:153,5
LF:24
LH:24
end_of_record
SF:lib\page\billing_detail_page.dart
DA:17,14
DA:21,2
DA:22,2
DA:34,2
DA:36,2
DA:37,4
DA:38,10
DA:39,12
DA:40,8
DA:41,8
DA:42,8
DA:44,6
DA:47,2
DA:49,4
DA:50,4
DA:51,2
DA:54,1
DA:55,3
DA:56,1
DA:57,3
DA:58,1
DA:59,3
DA:60,1
DA:61,2
DA:62,1
DA:65,5
DA:66,0
DA:69,2
DA:72,2
DA:74,2
DA:75,0
DA:76,0
DA:77,0
DA:80,3
DA:81,1
DA:85,1
DA:87,3
DA:91,1
DA:92,2
DA:93,2
DA:94,2
DA:95,6
DA:96,4
DA:97,1
DA:99,3
DA:103,2
DA:105,2
DA:106,2
DA:107,6
DA:108,6
DA:109,2
DA:110,4
DA:111,2
DA:112,2
DA:117,2
DA:118,2
DA:119,2
DA:121,2
DA:122,2
DA:123,4
DA:124,2
DA:125,2
DA:126,2
DA:127,1
DA:128,2
DA:129,1
DA:132,2
DA:134,2
DA:135,2
DA:139,2
DA:140,4
DA:144,1
DA:145,1
DA:151,2
DA:152,2
DA:156,1
DA:160,2
DA:161,2
DA:162,2
DA:163,1
DA:164,1
DA:166,1
DA:167,1
DA:168,1
DA:171,2
DA:172,1
DA:176,2
DA:177,6
DA:182,2
DA:183,2
DA:184,1
DA:185,2
DA:186,1
DA:190,4
DA:191,2
DA:193,2
DA:194,2
DA:196,2
DA:200,2
DA:201,2
DA:210,0
DA:211,0
DA:212,0
DA:214,0
LF:104
LH:96
end_of_record
SF:lib\provider\billing_provider.dart
DA:7,6
DA:9,2
DA:10,2
DA:11,12
DA:12,2
DA:15,0
DA:16,0
DA:17,0
DA:20,0
DA:21,0
DA:24,0
DA:27,0
DA:28,0
DA:29,0
DA:30,0
DA:31,0
LF:16
LH:5
end_of_record
SF:lib\repository\billing_repository.dart
DA:32,1
DA:33,1
DA:36,1
DA:37,1
DA:38,3
DA:39,2
DA:40,2
DA:41,0
DA:42,0
DA:46,0
DA:47,0
DA:49,0
DA:52,0
DA:57,0
DA:62,0
DA:70,1
DA:73,1
DA:74,1
DA:79,0
DA:83,1
DA:85,2
DA:87,1
DA:92,1
DA:94,2
DA:96,2
DA:97,1
DA:99,1
DA:104,1
DA:108,1
DA:110,2
DA:112,1
DA:114,2
DA:119,1
DA:121,2
DA:124,1
DA:128,1
DA:130,2
DA:133,1
DA:135,1
DA:136,2
DA:137,3
DA:138,4
DA:139,3
DA:140,2
DA:141,7
DA:142,3
DA:147,1
DA:149,2
DA:150,3
DA:151,3
DA:152,1
DA:153,2
DA:154,3
DA:155,4
DA:156,3
DA:157,2
DA:158,7
DA:159,3
DA:165,1
DA:167,2
LF:60
LH:51
end_of_record
SF:lib\page\home_page.dart
DA:15,9
DA:17,3
DA:18,3
DA:24,3
DA:26,3
DA:27,9
DA:28,9
DA:29,9
DA:34,3
DA:36,3
DA:37,3
DA:38,9
DA:40,3
DA:41,3
DA:52,3
DA:53,1
DA:54,1
DA:60,3
DA:62,3
DA:64,9
DA:66,3
DA:68,3
DA:69,3
DA:72,3
DA:73,3
DA:74,0
DA:75,0
DA:82,3
DA:84,3
DA:85,0
DA:86,0
DA:96,3
DA:97,3
DA:98,3
DA:99,0
DA:100,0
DA:115,1
DA:116,1
DA:118,1
DA:119,1
DA:121,1
DA:126,3
DA:127,1
DA:128,1
DA:137,3
DA:138,9
DA:139,11
LF:47
LH:41
end_of_record
SF:lib\view\kind_selection_wrap_view.dart
DA:11,3
DA:19,3
DA:21,3
DA:27,3
DA:29,3
DA:30,18
DA:33,1
DA:35,1
DA:36,7
DA:38,2
DA:39,7
DA:40,0
DA:41,2
DA:46,3
DA:48,3
DA:51,12
DA:52,3
DA:53,2
DA:54,6
DA:55,4
DA:56,8
DA:59,3
DA:61,3
DA:62,3
DA:63,15
DA:67,3
DA:69,3
DA:71,3
DA:72,3
DA:73,9
DA:74,15
DA:79,3
DA:80,3
DA:81,3
DA:82,15
DA:91,3
LF:36
LH:35
end_of_record
SF:lib\utils\utils.dart
DA:7,2
DA:8,6
DA:9,6
DA:10,6
DA:13,2
DA:14,2
DA:15,2
DA:17,4
DA:18,4
DA:19,4
DA:20,4
DA:22,4
DA:26,2
DA:32,0
DA:33,0
DA:35,0
DA:36,0
DA:39,0
DA:41,0
DA:46,0
DA:51,0
LF:21
LH:13
end_of_record
SF:lib\page\chart_page.dart
DA:14,8
DA:16,1
DA:17,1
DA:30,1
DA:32,1
DA:33,1
DA:34,1
DA:36,1
DA:38,1
DA:39,6
DA:40,2
DA:41,5
DA:42,1
DA:44,1
DA:46,1
DA:47,5
DA:48,6
DA:49,1
DA:51,1
DA:53,1
DA:54,3
DA:55,4
DA:56,1
DA:58,1
DA:59,1
DA:60,1
DA:61,0
DA:62,0
DA:64,0
DA:65,0
DA:66,0
DA:69,0
DA:70,0
DA:74,1
DA:75,3
DA:79,1
DA:81,1
DA:82,1
DA:84,1
DA:85,0
DA:86,0
DA:87,0
DA:92,1
DA:94,1
DA:95,0
DA:96,0
DA:97,0
DA:102,1
DA:104,1
DA:105,0
DA:106,0
DA:107,0
DA:114,1
DA:116,1
DA:117,3
DA:118,1
DA:119,2
DA:120,0
DA:121,0
DA:122,0
DA:129,1
DA:130,1
DA:131,1
DA:133,1
DA:140,1
DA:143,1
DA:146,1
DA:147,2
DA:148,1
DA:149,1
DA:160,1
DA:162,2
DA:163,2
DA:164,0
DA:165,0
DA:166,0
DA:167,0
DA:169,0
DA:172,0
DA:173,0
DA:174,0
DA:175,0
DA:176,0
DA:177,0
DA:178,0
DA:184,1
DA:192,1
DA:193,0
DA:194,0
DA:195,0
DA:196,1
DA:197,1
DA:198,1
DA:200,0
DA:201,0
DA:203,1
DA:204,1
DA:205,1
DA:207,1
DA:208,1
DA:209,2
DA:213,1
DA:214,1
DA:216,0
DA:217,0
DA:218,0
DA:225,1
DA:227,1
DA:228,3
DA:232,1
DA:234,8
DA:237,0
DA:239,6
DA:240,6
DA:244,2
DA:246,1
DA:247,1
DA:252,1
DA:258,1
DA:265,1
DA:273,1
DA:274,1
DA:278,1
DA:280,0
DA:281,0
DA:282,0
DA:289,3
DA:299,1
DA:300,1
DA:303,1
DA:304,4
DA:305,0
DA:307,3
DA:318,1
DA:320,1
DA:325,5
DA:326,2
DA:327,1
DA:328,2
DA:329,1
DA:330,1
DA:333,1
DA:334,1
DA:341,1
DA:343,1
DA:344,1
DA:345,3
DA:346,1
LF:148
LH:104
end_of_record
SF:lib\page\setting_page.dart
DA:16,7
DA:18,0
DA:20,0
DA:21,0
DA:22,0
DA:23,0
DA:24,0
DA:26,0
DA:28,0
DA:30,0
DA:31,0
DA:32,0
DA:33,0
DA:34,0
DA:38,0
DA:39,0
DA:40,0
DA:41,0
DA:42,0
DA:43,0
DA:44,0
DA:55,0
DA:56,0
DA:58,0
DA:63,0
DA:65,0
DA:68,0
DA:69,0
DA:70,0
DA:71,0
DA:72,0
DA:73,0
DA:76,0
DA:79,0
DA:81,0
DA:82,0
DA:84,0
DA:85,0
DA:86,0
DA:87,0
DA:91,0
DA:92,0
DA:93,0
LF:43
LH:1
end_of_record
SF:lib\view\billing_list_view.dart
DA:14,7
DA:16,0
DA:18,3
DA:20,3
DA:21,3
DA:22,3
DA:23,3
DA:24,3
DA:25,2
DA:26,2
DA:27,6
DA:29,6
DA:32,4
DA:34,6
DA:35,6
DA:38,4
DA:41,4
DA:42,4
DA:44,4
DA:45,2
DA:46,2
DA:48,2
DA:49,2
DA:50,2
DA:51,2
DA:52,6
DA:57,2
DA:58,2
DA:66,2
DA:67,6
DA:68,1
DA:69,1
DA:71,2
DA:75,2
DA:76,1
DA:77,2
DA:78,2
DA:79,1
DA:80,1
DA:81,1
DA:87,2
DA:88,6
DA:89,4
DA:90,2
DA:91,2
DA:92,4
DA:94,2
DA:95,2
DA:108,1
DA:110,1
DA:112,2
DA:113,4
DA:115,3
DA:116,1
LF:54
LH:53
end_of_record
SF:lib\main.dart
DA:10,0
DA:11,0
DA:12,0
DA:13,0
DA:14,0
DA:21,4
DA:23,2
DA:25,2
DA:27,2
DA:28,2
DA:32,2
DA:33,0
DA:34,0
LF:13
LH:6
end_of_record
