SF:lib\model\billing.dart
DA:5,5
DA:20,2
DA:21,2
DA:22,4
DA:23,4
DA:24,4
DA:25,2
DA:26,4
DA:37,1
DA:38,3
DA:75,12
DA:76,4
DA:102,4
DA:115,4
DA:116,8
DA:118,4
DA:127,3
DA:128,3
DA:155,3
DA:156,3
DA:168,1
DA:169,1
DA:170,2
DA:171,1
DA:172,3
DA:173,2
DA:174,0
DA:175,2
DA:176,1
DA:177,3
DA:178,2
DA:179,0
LF:32
LH:30
end_of_record
SF:lib\repository\billing_repository.dart
DA:34,1
DA:35,1
DA:38,1
DA:39,1
DA:40,3
DA:42,1
DA:43,0
DA:45,1
DA:46,1
DA:48,2
DA:49,1
DA:50,0
DA:51,0
DA:55,0
DA:56,0
DA:58,0
DA:61,0
DA:66,0
DA:71,0
DA:79,1
DA:82,1
DA:83,1
DA:88,0
DA:92,1
DA:94,2
DA:96,1
DA:101,1
DA:103,2
DA:105,2
DA:106,1
DA:108,1
DA:113,1
DA:117,1
DA:119,2
DA:121,1
DA:123,2
DA:128,1
DA:130,2
DA:133,1
DA:137,1
DA:139,2
DA:142,1
DA:144,1
DA:145,2
DA:146,3
DA:147,4
DA:148,3
DA:149,2
DA:150,7
DA:151,3
DA:156,1
DA:158,2
DA:159,3
DA:160,3
DA:161,1
DA:162,2
DA:163,3
DA:164,4
DA:165,3
DA:166,2
DA:167,7
DA:168,3
DA:174,1
DA:176,2
LF:64
LH:54
end_of_record
SF:lib\page\chart_page.dart
DA:14,6
DA:16,1
DA:17,1
DA:30,1
DA:32,1
DA:33,1
DA:34,1
DA:37,1
DA:38,1
DA:39,1
DA:40,0
DA:41,0
DA:42,1
DA:44,1
DA:45,1
DA:46,1
DA:47,0
DA:48,0
DA:50,0
DA:51,0
DA:52,0
DA:55,0
DA:56,0
DA:60,1
DA:61,3
DA:65,1
DA:67,1
DA:68,1
DA:70,1
DA:71,0
DA:72,0
DA:73,0
DA:78,1
DA:80,1
DA:81,0
DA:82,0
DA:83,0
DA:88,1
DA:90,1
DA:91,0
DA:92,0
DA:93,0
DA:100,1
DA:101,1
DA:102,1
DA:103,0
DA:104,0
DA:105,0
DA:106,0
DA:108,1
DA:109,0
DA:110,0
DA:111,0
DA:112,0
DA:115,1
DA:117,1
DA:118,3
DA:119,1
DA:120,2
DA:121,0
DA:122,0
DA:123,0
DA:130,1
DA:131,1
DA:132,1
DA:134,1
DA:141,1
DA:144,1
DA:147,1
DA:149,1
DA:150,2
DA:151,1
DA:152,1
DA:158,1
DA:159,1
DA:160,0
DA:162,0
DA:163,0
DA:164,0
DA:165,0
DA:166,0
DA:168,0
DA:169,0
DA:170,0
DA:171,0
DA:172,0
DA:175,1
DA:183,0
DA:184,0
DA:185,0
DA:186,0
DA:187,0
DA:188,0
DA:189,0
DA:190,0
DA:191,0
DA:192,0
DA:197,1
DA:198,2
DA:199,1
DA:201,1
DA:202,6
DA:203,2
DA:204,5
DA:205,1
DA:206,2
DA:207,0
DA:208,0
DA:210,0
DA:211,0
DA:212,0
DA:213,0
DA:214,0
DA:215,0
DA:216,0
DA:218,0
DA:219,0
DA:220,0
DA:221,0
DA:222,0
DA:224,0
DA:226,0
DA:227,0
DA:228,0
DA:229,0
DA:230,0
DA:231,0
DA:234,0
DA:235,0
DA:236,0
DA:237,0
DA:238,0
DA:239,0
DA:240,0
DA:246,1
DA:254,1
DA:255,0
DA:256,0
DA:257,0
DA:258,1
DA:259,1
DA:260,1
DA:262,0
DA:263,0
DA:265,1
DA:266,1
DA:267,1
DA:269,1
DA:270,1
DA:271,2
DA:275,1
DA:276,1
DA:278,0
DA:279,0
DA:280,0
DA:287,1
DA:289,1
DA:290,3
DA:294,1
DA:296,8
DA:299,0
DA:301,6
DA:302,6
DA:306,2
DA:308,1
DA:309,1
DA:314,1
DA:320,1
DA:327,1
DA:335,1
DA:336,1
DA:340,1
DA:342,0
DA:343,0
DA:344,0
DA:351,3
DA:361,1
DA:362,1
DA:365,1
DA:366,4
DA:367,0
DA:369,3
DA:380,1
DA:382,1
DA:387,5
DA:388,2
DA:389,1
DA:390,2
DA:391,1
DA:392,1
DA:395,1
DA:396,1
DA:403,1
DA:405,1
DA:406,1
DA:407,3
DA:408,1
LF:197
LH:106
end_of_record
SF:lib\provider\billing_provider.dart
DA:7,6
DA:9,2
DA:10,2
DA:11,12
DA:12,2
DA:15,0
DA:16,0
DA:17,0
DA:20,0
DA:21,0
DA:24,0
DA:27,0
DA:28,0
DA:29,0
DA:30,0
DA:31,0
DA:37,0
DA:49,0
DA:50,0
DA:51,0
DA:52,0
DA:55,0
DA:56,0
DA:57,0
DA:58,0
DA:61,0
DA:62,0
DA:63,0
DA:64,0
DA:67,0
DA:68,0
DA:69,0
DA:70,0
DA:71,0
DA:74,0
DA:75,0
DA:76,0
DA:77,0
DA:78,0
DA:79,0
DA:80,0
DA:81,0
DA:84,0
DA:85,0
DA:87,0
DA:88,0
DA:89,0
DA:90,0
DA:92,0
DA:93,0
DA:97,0
DA:98,0
DA:99,0
LF:53
LH:5
end_of_record
SF:lib\container\page_view_container.dart
DA:17,7
DA:19,3
DA:20,3
DA:27,3
DA:29,3
DA:30,9
DA:31,9
DA:32,9
DA:35,6
DA:36,0
DA:37,0
DA:38,0
DA:42,3
DA:44,3
DA:45,3
DA:46,9
DA:48,3
DA:49,3
DA:60,12
DA:62,3
DA:63,1
DA:64,1
DA:68,9
DA:71,3
DA:72,3
DA:73,0
DA:74,6
DA:75,3
DA:77,9
DA:79,3
DA:81,3
DA:82,3
DA:85,3
DA:86,3
DA:87,0
DA:88,0
DA:94,3
DA:95,3
DA:98,3
DA:99,3
DA:102,3
DA:104,3
DA:107,3
DA:109,3
DA:110,3
DA:117,3
DA:119,3
DA:120,0
DA:121,0
DA:127,3
DA:128,3
DA:131,3
DA:132,3
DA:135,3
DA:137,3
DA:140,3
DA:142,3
DA:143,3
DA:153,3
DA:154,3
DA:155,3
DA:157,3
DA:158,0
DA:159,0
DA:165,3
DA:166,3
DA:169,3
DA:170,3
DA:173,3
DA:175,3
DA:177,3
DA:179,3
DA:180,3
DA:188,3
DA:189,0
DA:190,0
DA:196,3
DA:197,3
DA:200,3
DA:201,3
DA:204,3
DA:206,3
DA:209,3
DA:211,3
DA:212,3
DA:227,3
DA:229,3
DA:230,6
DA:231,3
DA:234,3
DA:235,6
DA:237,1
DA:238,1
DA:240,1
DA:241,1
DA:243,1
DA:248,3
DA:249,1
DA:250,1
DA:259,3
DA:260,9
DA:261,11
LF:102
LH:90
end_of_record
SF:lib\page\billing_detail_page.dart
DA:17,10
DA:21,2
DA:22,2
DA:34,2
DA:36,2
DA:37,4
DA:38,10
DA:39,12
DA:40,8
DA:41,8
DA:42,8
DA:44,6
DA:47,2
DA:49,4
DA:50,4
DA:51,2
DA:54,1
DA:55,3
DA:56,1
DA:57,3
DA:58,1
DA:59,3
DA:60,1
DA:61,2
DA:62,1
DA:65,5
DA:66,0
DA:69,2
DA:72,2
DA:74,2
DA:75,0
DA:76,0
DA:77,0
DA:80,3
DA:81,1
DA:85,1
DA:87,3
DA:91,1
DA:92,2
DA:93,2
DA:94,2
DA:95,6
DA:96,4
DA:97,1
DA:99,3
DA:103,2
DA:105,2
DA:106,2
DA:107,6
DA:108,6
DA:109,2
DA:110,4
DA:111,2
DA:112,2
DA:117,2
DA:118,2
DA:119,2
DA:121,2
DA:122,2
DA:123,4
DA:124,2
DA:125,2
DA:126,2
DA:127,1
DA:128,2
DA:129,1
DA:132,2
DA:134,2
DA:135,2
DA:139,2
DA:140,4
DA:144,1
DA:145,1
DA:151,2
DA:152,2
DA:156,1
DA:160,2
DA:161,2
DA:162,2
DA:163,1
DA:164,1
DA:166,1
DA:167,1
DA:168,1
DA:171,2
DA:172,1
DA:176,2
DA:177,6
DA:182,2
DA:183,2
DA:184,1
DA:185,2
DA:186,1
DA:190,4
DA:191,2
DA:193,2
DA:194,2
DA:196,2
DA:200,2
DA:201,2
DA:210,0
DA:211,0
DA:212,0
DA:214,0
LF:104
LH:96
end_of_record
SF:lib\page\setting_page.dart
DA:24,5
DA:26,0
DA:27,0
DA:33,0
DA:35,0
DA:36,0
DA:39,0
DA:41,0
DA:42,0
DA:43,0
DA:44,0
DA:45,0
DA:46,0
DA:47,0
DA:49,0
DA:51,0
DA:52,0
DA:53,0
DA:54,0
DA:55,0
DA:56,0
DA:61,0
DA:62,0
DA:63,0
DA:64,0
DA:65,0
DA:66,0
DA:67,0
DA:74,0
DA:75,0
DA:76,0
DA:77,0
DA:78,0
DA:83,0
DA:84,0
DA:85,0
DA:86,0
DA:91,0
DA:92,0
DA:93,0
DA:94,0
DA:95,0
DA:97,0
DA:98,0
DA:99,0
DA:100,0
DA:102,0
DA:105,0
DA:106,0
DA:107,0
DA:109,0
DA:112,0
DA:113,0
DA:116,0
DA:117,0
DA:118,0
DA:119,0
DA:120,0
DA:122,0
DA:123,0
DA:129,0
DA:130,0
DA:131,0
DA:134,0
DA:135,0
DA:136,0
DA:137,0
DA:139,0
DA:150,0
DA:152,0
DA:153,0
DA:154,0
DA:155,0
DA:156,0
DA:157,0
DA:158,0
DA:159,0
DA:160,0
DA:164,0
DA:168,0
DA:169,0
DA:171,0
DA:172,0
DA:173,0
DA:175,0
DA:179,0
DA:180,0
DA:181,0
DA:183,0
DA:184,0
DA:185,0
DA:186,0
DA:187,0
DA:188,0
DA:189,0
DA:190,0
DA:191,0
DA:194,0
DA:195,0
DA:196,0
DA:197,0
DA:201,0
DA:202,0
DA:203,0
DA:204,0
DA:205,0
DA:206,0
DA:208,0
DA:209,0
DA:210,0
DA:211,0
DA:212,0
DA:213,0
DA:215,0
DA:216,0
DA:217,0
DA:220,0
DA:221,0
DA:222,0
DA:223,0
DA:228,0
DA:229,0
DA:230,0
DA:232,0
DA:233,0
DA:234,0
DA:235,0
DA:236,0
DA:237,0
DA:238,0
DA:239,0
DA:240,0
DA:243,0
DA:244,0
DA:245,0
DA:246,0
DA:249,0
DA:250,0
DA:251,0
DA:252,0
DA:253,0
DA:254,0
DA:257,0
DA:259,0
DA:260,0
DA:262,0
DA:265,0
DA:266,0
DA:268,0
DA:273,0
DA:275,0
DA:278,0
DA:279,0
DA:280,0
DA:281,0
DA:282,0
DA:283,0
DA:286,0
DA:289,0
DA:291,0
DA:292,0
DA:294,0
DA:296,0
DA:298,0
DA:300,0
DA:302,0
DA:304,0
DA:306,0
DA:309,0
DA:312,0
DA:313,0
DA:314,0
DA:318,0
DA:319,0
DA:320,0
LF:175
LH:1
end_of_record
SF:lib\page\billing_list_page.dart
DA:22,5
DA:26,3
DA:28,3
DA:38,3
DA:40,3
DA:41,3
DA:44,3
DA:46,3
DA:47,0
DA:48,0
DA:50,0
DA:51,0
DA:52,0
DA:53,0
DA:54,0
DA:55,0
DA:56,0
DA:61,0
DA:66,0
DA:72,3
DA:73,3
DA:74,0
DA:75,0
DA:76,0
DA:80,0
DA:85,0
DA:86,0
DA:87,0
DA:88,0
DA:90,0
DA:91,0
DA:96,0
DA:97,0
DA:98,0
DA:99,0
DA:100,0
DA:101,0
DA:102,0
DA:103,0
DA:104,0
DA:105,0
DA:106,0
DA:112,3
DA:114,3
DA:115,3
DA:116,3
DA:117,3
DA:118,3
DA:119,2
DA:120,2
DA:121,4
DA:122,2
DA:123,2
DA:124,3
DA:125,3
DA:126,2
DA:127,2
DA:128,4
DA:129,2
DA:130,2
DA:131,3
DA:132,3
DA:133,3
DA:134,3
DA:141,2
DA:142,2
DA:143,2
DA:144,2
DA:145,6
DA:147,6
DA:150,4
DA:152,6
DA:153,6
DA:156,4
DA:159,4
DA:160,4
DA:162,4
DA:164,2
DA:165,2
DA:167,2
DA:168,2
DA:169,4
DA:170,2
DA:175,2
DA:176,6
DA:181,2
DA:182,2
DA:190,2
DA:192,2
DA:193,6
DA:194,1
DA:195,1
DA:197,2
DA:201,2
DA:202,2
DA:205,4
DA:206,2
DA:207,2
DA:208,2
DA:209,1
DA:210,2
DA:211,2
DA:212,1
DA:213,1
DA:214,1
DA:220,2
DA:223,6
DA:224,4
DA:225,2
DA:226,2
DA:227,4
DA:229,2
DA:230,2
DA:245,3
DA:246,3
DA:247,0
DA:248,0
DA:250,0
DA:251,0
DA:252,0
DA:253,0
DA:254,0
DA:255,0
DA:256,0
DA:259,0
DA:264,0
DA:265,0
DA:266,0
DA:274,3
DA:275,3
DA:276,3
DA:277,3
DA:280,3
DA:282,3
DA:283,3
DA:284,6
DA:292,0
DA:294,0
DA:295,0
DA:298,0
DA:303,1
DA:305,1
DA:307,2
DA:308,4
DA:310,3
DA:311,1
LF:146
LH:97
end_of_record
SF:lib\page\search_page.dart
DA:10,5
DA:12,0
DA:14,0
DA:25,0
DA:27,0
DA:28,0
DA:29,0
DA:31,0
DA:33,0
DA:34,0
DA:35,0
DA:36,0
DA:37,0
DA:42,0
DA:43,0
DA:47,0
DA:48,0
DA:49,0
DA:55,0
DA:56,0
DA:57,0
DA:58,0
DA:60,0
DA:61,0
DA:76,0
DA:77,0
DA:78,0
DA:79,0
DA:80,0
DA:81,0
DA:82,0
DA:83,0
DA:84,0
DA:85,0
DA:86,0
DA:87,0
DA:88,0
DA:89,0
DA:90,0
DA:91,0
DA:92,0
DA:99,0
DA:100,0
DA:102,0
DA:103,0
DA:106,0
DA:107,0
DA:108,0
DA:109,0
DA:110,0
DA:111,0
DA:112,0
DA:113,0
DA:114,0
DA:115,0
DA:117,0
DA:119,0
DA:120,0
DA:121,0
DA:122,0
DA:123,0
DA:124,0
DA:126,0
DA:127,0
DA:128,0
DA:129,0
DA:130,0
DA:131,0
DA:132,0
DA:133,0
DA:134,0
DA:135,0
DA:136,0
DA:137,0
DA:145,0
DA:146,0
DA:148,0
DA:149,0
DA:150,0
DA:152,0
DA:153,0
DA:155,0
DA:156,0
DA:157,0
DA:158,0
DA:159,0
DA:160,0
DA:164,0
DA:165,0
DA:166,0
DA:167,0
DA:168,0
DA:169,0
DA:170,0
DA:171,0
DA:173,0
DA:174,0
DA:181,0
DA:183,0
DA:184,0
DA:185,0
DA:186,0
DA:187,0
DA:188,0
DA:189,0
DA:190,0
DA:191,0
DA:192,0
DA:193,0
DA:194,0
DA:199,0
DA:201,0
DA:202,0
DA:203,0
DA:204,0
DA:205,0
DA:207,0
DA:208,0
DA:209,0
DA:210,0
LF:120
LH:1
end_of_record
SF:lib\view\kind_selection_wrap_view.dart
DA:11,3
DA:19,3
DA:21,3
DA:27,3
DA:29,3
DA:30,18
DA:33,1
DA:35,1
DA:36,7
DA:38,2
DA:39,7
DA:40,0
DA:41,2
DA:46,3
DA:48,3
DA:51,12
DA:52,3
DA:53,2
DA:54,6
DA:55,4
DA:56,8
DA:59,3
DA:61,3
DA:62,3
DA:63,15
DA:67,3
DA:69,3
DA:71,3
DA:72,3
DA:73,9
DA:74,15
DA:79,3
DA:80,3
DA:81,3
DA:82,15
DA:91,3
LF:36
LH:35
end_of_record
SF:lib\utils\utils.dart
DA:7,2
DA:8,6
DA:9,6
DA:10,6
DA:13,2
DA:15,2
DA:16,2
DA:18,4
DA:19,4
DA:20,4
DA:21,4
DA:23,4
DA:27,2
DA:33,0
DA:34,0
DA:36,0
DA:37,0
DA:40,0
DA:46,0
LF:19
LH:13
end_of_record
SF:lib\page\preview_page.dart
DA:7,0
DA:9,0
DA:12,0
DA:13,0
DA:14,0
DA:16,0
DA:17,0
DA:22,0
LF:8
LH:0
end_of_record
SF:lib\main.dart
DA:10,0
DA:11,0
DA:12,0
DA:13,0
DA:14,0
DA:21,4
DA:23,2
DA:25,2
DA:27,2
DA:28,2
DA:32,2
DA:33,0
DA:34,0
LF:13
LH:6
end_of_record
