SF:lib/model/billing.dart
DA:5,5
DA:20,2
DA:21,2
DA:22,4
DA:23,4
DA:24,4
DA:25,2
DA:26,4
DA:37,1
DA:38,3
DA:75,12
DA:76,4
DA:102,4
DA:115,4
DA:116,8
DA:118,4
DA:127,3
DA:128,3
DA:155,3
DA:156,3
DA:168,1
DA:169,1
DA:170,2
DA:171,6
DA:172,0
DA:173,8
DA:174,0
LF:27
LH:25
end_of_record
SF:lib/repository/billing_repository.dart
DA:33,1
DA:34,1
DA:37,1
DA:38,1
DA:39,3
DA:41,1
DA:42,0
DA:44,1
DA:45,1
DA:47,2
DA:48,1
DA:49,1
DA:50,1
DA:54,0
DA:55,0
DA:57,0
DA:60,0
DA:65,0
DA:70,0
DA:78,1
DA:81,1
DA:82,1
DA:87,0
DA:91,1
DA:93,2
DA:95,1
DA:100,1
DA:102,2
DA:104,2
DA:105,1
DA:107,1
DA:112,1
DA:115,1
DA:117,2
DA:119,1
DA:121,2
DA:126,1
DA:128,2
DA:131,1
DA:135,1
DA:137,2
DA:140,1
DA:142,1
DA:143,2
DA:144,3
DA:145,4
DA:146,3
DA:147,2
DA:148,7
DA:149,3
DA:154,1
DA:156,2
DA:157,3
DA:158,3
DA:159,1
DA:160,2
DA:161,3
DA:162,4
DA:163,3
DA:164,2
DA:165,7
DA:166,3
DA:172,1
DA:174,2
LF:64
LH:56
end_of_record
SF:lib/container/page_view_container.dart
DA:17,9
DA:19,3
DA:20,3
DA:40,3
DA:42,3
DA:43,9
DA:44,9
DA:45,9
DA:48,6
DA:49,0
DA:50,0
DA:51,0
DA:55,3
DA:57,3
DA:59,3
DA:60,3
DA:61,3
DA:62,9
DA:65,3
DA:67,3
DA:73,12
DA:75,3
DA:76,1
DA:77,1
DA:79,3
DA:81,9
DA:84,3
DA:86,9
DA:87,3
DA:89,9
DA:91,3
DA:93,3
DA:94,3
DA:95,0
DA:96,6
DA:97,3
DA:98,0
DA:99,6
DA:100,3
DA:103,3
DA:104,0
DA:105,6
DA:106,3
DA:107,0
DA:108,6
DA:115,3
DA:117,3
DA:118,6
DA:121,9
DA:123,1
DA:124,4
DA:127,3
DA:128,9
DA:129,11
DA:133,0
DA:134,0
DA:135,0
DA:136,0
DA:139,0
DA:140,0
DA:145,0
DA:146,0
DA:147,0
DA:148,0
DA:150,0
DA:151,0
DA:152,0
DA:155,3
DA:156,3
DA:160,3
DA:162,3
DA:163,3
DA:165,3
DA:168,3
DA:169,3
DA:174,3
DA:176,3
LF:77
LH:57
end_of_record
SF:lib/page/billing_detail_page.dart
DA:18,12
DA:22,2
DA:23,2
DA:35,2
DA:37,2
DA:38,4
DA:39,10
DA:40,12
DA:41,8
DA:42,8
DA:43,8
DA:45,6
DA:48,2
DA:50,4
DA:51,4
DA:52,2
DA:55,1
DA:56,3
DA:57,1
DA:58,3
DA:59,1
DA:60,3
DA:61,1
DA:62,2
DA:63,1
DA:66,5
DA:67,0
DA:70,2
DA:73,2
DA:75,2
DA:76,0
DA:77,0
DA:78,0
DA:81,3
DA:82,1
DA:86,1
DA:87,3
DA:91,1
DA:92,2
DA:93,2
DA:94,2
DA:95,6
DA:96,4
DA:97,1
DA:98,3
DA:102,2
DA:104,2
DA:105,2
DA:106,6
DA:107,6
DA:108,4
DA:109,4
DA:110,2
DA:111,4
DA:112,2
DA:113,2
DA:118,2
DA:119,2
DA:120,2
DA:122,2
DA:123,2
DA:124,8
DA:125,2
DA:126,1
DA:127,2
DA:128,1
DA:131,2
DA:133,2
DA:134,2
DA:135,2
DA:136,4
DA:138,2
DA:139,4
DA:142,1
DA:143,1
DA:144,0
DA:149,2
DA:150,2
DA:151,2
DA:152,4
DA:154,1
DA:158,2
DA:159,2
DA:160,2
DA:161,1
DA:162,1
DA:164,1
DA:165,1
DA:166,1
DA:169,2
DA:170,1
DA:174,2
DA:175,6
DA:180,2
DA:181,2
DA:182,1
DA:183,2
DA:184,1
DA:187,4
DA:188,2
DA:190,4
DA:191,4
DA:192,4
DA:194,2
DA:198,2
DA:199,2
DA:200,6
DA:208,0
DA:209,0
DA:210,0
DA:212,0
LF:111
LH:102
end_of_record
SF:lib/page/setting_page.dart
DA:27,7
DA:29,0
DA:30,0
DA:34,0
DA:36,0
DA:37,0
DA:38,0
DA:40,0
DA:41,0
DA:42,0
DA:43,0
DA:44,0
DA:45,0
DA:46,0
DA:51,0
DA:52,0
DA:53,0
DA:54,0
DA:55,0
DA:56,0
DA:57,0
DA:58,0
DA:62,0
DA:63,0
DA:64,0
DA:65,0
DA:66,0
DA:70,0
DA:71,0
DA:72,0
DA:73,0
DA:74,0
DA:75,0
DA:80,0
DA:81,0
DA:82,0
DA:86,0
DA:87,0
DA:90,0
DA:92,0
DA:93,0
DA:94,0
DA:96,0
DA:97,0
DA:98,0
DA:99,0
DA:114,0
DA:115,0
DA:116,0
DA:118,0
DA:119,0
DA:120,0
DA:121,0
DA:122,0
DA:123,0
DA:124,0
DA:125,0
DA:127,0
DA:128,0
DA:129,0
DA:130,0
DA:131,0
DA:132,0
DA:133,0
DA:136,0
DA:142,0
DA:143,0
DA:144,0
DA:146,0
DA:153,0
DA:154,0
DA:155,0
DA:156,0
DA:157,0
DA:158,0
DA:159,0
DA:160,0
DA:163,0
DA:164,0
DA:165,0
DA:166,0
DA:170,0
DA:171,0
DA:172,0
DA:173,0
DA:174,0
DA:175,0
DA:177,0
DA:178,0
DA:179,0
DA:180,0
DA:181,0
DA:182,0
DA:183,0
DA:184,0
DA:187,0
DA:188,0
DA:192,0
DA:193,0
DA:194,0
DA:196,0
DA:203,0
DA:204,0
DA:205,0
DA:206,0
DA:207,0
DA:208,0
DA:209,0
DA:210,0
DA:213,0
DA:214,0
DA:215,0
DA:216,0
DA:219,0
DA:220,0
DA:221,0
DA:222,0
DA:223,0
DA:224,0
DA:226,0
DA:228,0
DA:229,0
DA:231,0
DA:234,0
DA:235,0
DA:237,0
DA:242,0
DA:244,0
DA:247,0
DA:248,0
DA:249,0
DA:250,0
DA:251,0
DA:252,0
DA:255,0
DA:256,0
DA:258,0
DA:259,0
DA:261,0
DA:263,0
DA:265,0
DA:267,0
DA:269,0
DA:271,0
DA:273,0
DA:275,0
DA:277,0
DA:278,0
DA:279,0
DA:283,0
DA:284,0
DA:285,0
LF:152
LH:1
end_of_record
SF:lib/page/billing_list_page.dart
DA:22,7
DA:26,3
DA:28,3
DA:37,3
DA:39,3
DA:40,3
DA:43,3
DA:45,6
DA:47,6
DA:48,3
DA:49,3
DA:50,3
DA:51,3
DA:52,2
DA:53,10
DA:54,3
DA:55,3
DA:56,2
DA:57,10
DA:58,3
DA:59,3
DA:61,3
DA:62,3
DA:63,3
DA:64,9
DA:69,2
DA:73,2
DA:74,2
DA:75,2
DA:76,6
DA:78,6
DA:80,4
DA:82,6
DA:83,6
DA:85,4
DA:87,4
DA:88,4
DA:89,4
DA:91,2
DA:92,2
DA:94,2
DA:95,2
DA:96,4
DA:97,2
DA:102,2
DA:103,6
DA:108,2
DA:109,6
DA:117,2
DA:119,2
DA:120,6
DA:121,1
DA:122,1
DA:124,2
DA:128,2
DA:129,2
DA:132,8
DA:133,2
DA:134,1
DA:135,2
DA:136,2
DA:137,1
DA:138,2
DA:144,2
DA:147,6
DA:148,4
DA:149,2
DA:150,6
DA:152,2
DA:153,2
DA:169,3
DA:170,3
DA:171,0
DA:172,0
DA:174,0
DA:175,0
DA:176,0
DA:177,0
DA:178,0
DA:179,0
DA:181,0
DA:185,0
DA:186,0
DA:187,0
DA:195,3
DA:196,3
DA:197,3
DA:198,3
DA:201,3
DA:203,3
DA:204,21
DA:205,6
DA:213,3
DA:215,3
DA:216,0
DA:217,0
DA:218,0
DA:219,0
DA:220,0
DA:222,0
DA:225,0
DA:229,3
DA:230,3
DA:231,0
DA:232,0
DA:233,0
DA:234,0
DA:237,3
DA:238,6
DA:239,6
DA:241,3
DA:242,0
DA:243,0
DA:244,0
DA:248,0
DA:251,0
DA:252,0
DA:257,0
DA:261,0
DA:262,0
DA:263,0
DA:264,0
DA:266,0
DA:267,0
DA:272,0
DA:273,0
DA:274,0
DA:275,0
DA:276,0
DA:277,0
DA:278,0
DA:279,0
DA:286,0
DA:287,0
DA:288,0
DA:291,0
DA:296,1
DA:297,1
DA:299,2
DA:300,4
DA:302,3
DA:303,1
LF:142
LH:94
end_of_record
SF:lib/provider/billing_provider.dart
DA:8,6
DA:10,2
DA:11,2
DA:12,12
DA:13,2
DA:16,0
DA:17,0
DA:18,0
DA:21,0
DA:22,0
DA:25,0
DA:28,0
DA:29,0
DA:30,0
DA:31,0
DA:32,0
DA:50,0
DA:52,0
DA:54,0
DA:56,0
DA:58,0
DA:60,0
DA:62,0
DA:64,0
DA:65,0
DA:66,0
DA:67,0
DA:70,0
DA:71,0
DA:72,0
DA:73,0
DA:76,0
DA:77,0
DA:78,0
DA:79,0
DA:82,0
DA:83,0
DA:84,0
DA:85,0
DA:86,0
DA:87,0
DA:90,0
DA:91,0
DA:92,0
DA:93,0
DA:94,0
DA:95,0
DA:96,0
DA:97,0
DA:100,0
DA:101,0
DA:103,0
DA:104,0
DA:105,0
DA:106,0
DA:108,0
DA:112,0
DA:113,0
DA:114,0
DA:115,0
DA:116,0
DA:117,0
DA:118,0
DA:119,0
DA:120,0
LF:65
LH:5
end_of_record
SF:lib/page/chart_page.dart
DA:13,8
DA:15,1
DA:16,1
DA:24,1
DA:26,2
DA:27,1
DA:28,1
DA:29,1
DA:31,1
DA:32,1
DA:34,1
DA:35,1
DA:36,0
DA:37,0
DA:38,0
DA:39,0
DA:40,0
DA:41,0
DA:42,0
DA:45,1
DA:46,1
DA:47,1
DA:48,1
DA:54,1
DA:55,2
DA:56,0
DA:57,2
DA:58,3
DA:63,2
DA:64,1
DA:65,2
DA:66,2
DA:67,2
DA:69,1
DA:72,1
DA:73,1
DA:74,1
DA:75,0
DA:76,0
DA:77,1
DA:79,1
DA:80,1
DA:81,1
DA:83,1
DA:85,1
DA:86,1
DA:89,1
DA:90,1
DA:92,1
DA:93,1
DA:94,1
DA:99,1
DA:101,1
DA:102,1
DA:103,0
DA:104,0
DA:105,0
DA:106,0
DA:109,1
DA:111,2
DA:112,1
DA:113,1
DA:119,1
DA:120,2
DA:121,1
DA:123,3
DA:127,1
DA:128,0
DA:129,0
DA:130,0
DA:131,0
DA:134,1
DA:136,3
DA:137,1
DA:138,1
DA:144,1
DA:145,2
DA:146,1
DA:148,2
DA:152,1
DA:153,0
DA:154,0
DA:155,0
DA:156,0
DA:159,1
DA:161,3
DA:162,1
DA:163,1
DA:169,1
DA:170,2
DA:171,1
DA:173,2
DA:183,1
DA:185,1
DA:186,1
DA:187,0
DA:188,0
DA:189,0
DA:190,0
DA:191,0
DA:192,0
DA:193,0
DA:194,0
DA:200,1
DA:201,0
DA:202,0
DA:204,0
DA:205,0
DA:206,0
DA:209,0
DA:210,0
DA:211,0
DA:215,1
DA:216,3
DA:220,1
DA:221,0
DA:222,0
DA:223,0
DA:224,0
DA:225,0
DA:226,0
DA:227,0
DA:228,0
DA:236,1
DA:237,1
DA:238,1
DA:240,1
DA:247,1
DA:252,1
DA:253,1
DA:254,0
DA:256,0
DA:257,0
DA:258,0
DA:259,0
DA:261,0
DA:262,0
DA:263,0
DA:264,0
DA:267,1
DA:277,0
DA:278,0
DA:279,0
DA:280,0
DA:281,0
DA:282,0
DA:283,0
DA:284,0
DA:285,0
DA:286,0
DA:291,1
DA:292,2
DA:293,1
DA:295,1
DA:296,6
DA:297,7
DA:298,1
DA:299,2
DA:300,0
DA:301,0
DA:302,0
DA:303,0
DA:304,0
DA:305,0
DA:306,0
DA:307,0
DA:309,0
DA:310,0
DA:311,0
DA:314,0
DA:315,0
DA:316,0
DA:317,0
DA:318,0
DA:319,0
DA:320,0
DA:326,1
DA:334,1
DA:335,0
DA:336,1
DA:337,1
DA:338,1
DA:339,0
DA:340,0
DA:342,1
DA:343,1
DA:344,1
DA:346,1
DA:347,1
DA:348,2
DA:352,1
DA:353,1
DA:355,0
DA:356,0
DA:357,0
DA:364,1
DA:365,4
DA:369,1
DA:370,8
DA:372,0
DA:374,6
DA:375,6
DA:379,2
DA:381,1
DA:382,1
DA:385,1
DA:386,1
DA:387,4
DA:391,1
DA:392,1
DA:393,4
DA:398,1
DA:406,1
DA:407,1
DA:411,1
DA:413,0
DA:414,0
DA:415,0
DA:422,3
DA:432,1
DA:433,1
DA:436,1
DA:437,4
DA:438,0
DA:440,3
DA:451,1
DA:453,5
DA:458,8
DA:459,2
DA:460,1
DA:461,1
DA:464,1
DA:465,2
DA:469,1
DA:471,1
DA:472,1
DA:474,4
DA:480,1
DA:482,1
DA:483,6
DA:491,1
DA:492,2
DA:493,7
DA:494,0
LF:244
LH:149
end_of_record
SF:lib/page/search_page.dart
DA:11,7
DA:13,0
DA:15,0
DA:27,0
DA:29,0
DA:30,0
DA:31,0
DA:33,0
DA:36,0
DA:37,0
DA:38,0
DA:39,0
DA:41,0
DA:42,0
DA:43,0
DA:45,0
DA:47,0
DA:48,0
DA:50,0
DA:52,0
DA:53,0
DA:54,0
DA:55,0
DA:56,0
DA:57,0
DA:58,0
DA:61,0
DA:64,0
DA:66,0
DA:67,0
DA:71,0
DA:73,0
DA:74,0
DA:75,0
DA:76,0
DA:77,0
DA:78,0
DA:79,0
DA:80,0
DA:81,0
DA:90,0
DA:91,0
DA:92,0
DA:93,0
DA:94,0
DA:95,0
DA:96,0
DA:97,0
DA:98,0
DA:100,0
DA:102,0
DA:104,0
DA:106,0
DA:108,0
DA:111,0
DA:112,0
DA:113,0
DA:114,0
DA:115,0
DA:116,0
DA:117,0
DA:118,0
DA:119,0
DA:120,0
DA:121,0
DA:122,0
DA:123,0
DA:124,0
DA:125,0
DA:126,0
DA:127,0
DA:134,0
DA:135,0
DA:136,0
DA:137,0
DA:138,0
DA:139,0
DA:140,0
DA:141,0
DA:142,0
DA:143,0
DA:144,0
DA:145,0
DA:146,0
DA:147,0
DA:149,0
DA:151,0
DA:152,0
DA:153,0
DA:154,0
DA:156,0
DA:157,0
DA:158,0
DA:159,0
DA:160,0
DA:161,0
DA:162,0
DA:163,0
DA:164,0
DA:165,0
DA:173,0
DA:174,0
DA:175,0
DA:176,0
DA:177,0
DA:178,0
DA:180,0
DA:181,0
DA:182,0
DA:183,0
DA:184,0
DA:185,0
DA:186,0
DA:187,0
DA:191,0
DA:192,0
DA:193,0
DA:194,0
DA:195,0
DA:196,0
DA:197,0
DA:198,0
DA:200,0
DA:201,0
DA:205,0
DA:208,0
DA:209,0
DA:210,0
DA:211,0
DA:212,0
DA:213,0
DA:214,0
DA:215,0
DA:216,0
DA:217,0
DA:218,0
DA:219,0
DA:224,0
DA:226,0
DA:227,0
DA:228,0
DA:229,0
DA:231,0
DA:232,0
DA:233,0
DA:234,0
LF:146
LH:1
end_of_record
SF:lib/view/kind_selection_view.dart
DA:11,3
DA:19,3
DA:20,3
DA:26,3
DA:28,3
DA:29,18
DA:32,1
DA:34,1
DA:35,7
DA:37,2
DA:38,9
DA:43,3
DA:45,3
DA:48,12
DA:49,9
DA:50,9
DA:51,3
DA:52,2
DA:53,6
DA:54,4
DA:55,8
DA:58,3
DA:60,3
DA:61,3
DA:62,18
DA:64,3
DA:66,3
DA:68,3
DA:69,3
DA:70,9
DA:71,15
DA:74,3
DA:75,3
DA:76,3
DA:77,15
DA:84,3
LF:36
LH:36
end_of_record
SF:lib/utils/utils.dart
DA:7,2
DA:8,18
DA:11,2
DA:12,2
DA:13,2
DA:15,4
DA:16,4
DA:17,4
DA:18,4
DA:20,4
DA:24,2
DA:30,0
DA:31,0
DA:32,0
DA:33,0
DA:35,0
DA:36,0
DA:39,0
DA:45,0
LF:19
LH:11
end_of_record
SF:lib/page/preview_page.dart
DA:6,0
DA:8,0
DA:10,0
DA:11,0
DA:12,0
DA:14,0
DA:15,0
DA:20,0
LF:8
LH:0
end_of_record
SF:lib/store/my_shared_preferences.dart
DA:6,3
DA:7,6
DA:10,6
LF:3
LH:3
end_of_record
SF:lib/view/top_bar_placeholder.dart
DA:4,21
DA:6,3
DA:8,3
DA:10,9
LF:4
LH:4
end_of_record
SF:lib/page/sub_setting_page/change_theme_page.dart
DA:9,7
DA:11,0
DA:12,0
DA:16,0
DA:18,0
DA:19,0
DA:20,0
DA:21,0
DA:23,0
DA:24,0
DA:25,0
DA:27,0
DA:28,0
DA:29,0
DA:31,0
DA:32,0
DA:40,0
DA:41,0
DA:42,0
DA:45,0
DA:46,0
DA:47,0
DA:48,0
DA:49,0
DA:50,0
DA:51,0
DA:52,0
DA:53,0
DA:55,0
DA:56,0
DA:57,0
DA:58,0
DA:60,0
DA:61,0
LF:34
LH:1
end_of_record
SF:lib/page/sub_setting_page/index_images_setting_page.dart
DA:12,7
DA:14,0
DA:15,0
DA:21,0
DA:23,0
DA:24,0
DA:27,0
DA:29,0
DA:30,0
DA:31,0
DA:32,0
DA:33,0
DA:35,0
DA:36,0
DA:37,0
DA:38,0
DA:39,0
DA:40,0
DA:41,0
DA:43,0
DA:44,0
DA:45,0
DA:46,0
DA:48,0
DA:51,0
DA:52,0
DA:53,0
DA:55,0
DA:58,0
DA:59,0
DA:60,0
DA:61,0
DA:62,0
DA:63,0
DA:64,0
DA:66,0
DA:72,0
DA:73,0
DA:74,0
DA:77,0
DA:78,0
DA:79,0
DA:80,0
DA:82,0
DA:94,0
DA:96,0
DA:97,0
DA:98,0
DA:99,0
DA:100,0
DA:104,0
DA:108,0
DA:109,0
DA:111,0
DA:112,0
DA:113,0
DA:115,0
LF:57
LH:1
end_of_record
SF:lib/provider/theme_provider.dart
DA:9,4
DA:11,0
DA:12,0
DA:13,0
DA:15,0
DA:18,0
DA:19,0
DA:22,2
DA:23,2
DA:24,4
DA:26,0
DA:27,2
LF:12
LH:5
end_of_record
SF:lib/main.dart
DA:12,0
DA:13,0
DA:14,0
DA:15,0
DA:16,0
DA:17,0
DA:18,0
DA:19,0
DA:20,0
DA:27,4
DA:29,2
DA:30,2
DA:35,2
DA:37,6
DA:38,2
DA:41,2
DA:43,4
DA:44,2
DA:46,2
DA:47,4
DA:53,2
DA:54,0
DA:55,0
LF:23
LH:12
end_of_record
